Sun Feb 12 2017 18:17:33 GMT+0100 (CET) : GET /
Sun Feb 12 2017 18:28:16 GMT+0100 (CET) : GET /login
Sun Feb 12 2017 18:28:16 GMT+0100 (CET) : GET /apple-touch-icon-precomposed.png
Sun Feb 12 2017 18:28:16 GMT+0100 (CET) : GET /apple-touch-icon.png
Sun Feb 12 2017 18:28:16 GMT+0100 (CET) : GET /favicon.ico
Sun Feb 12 2017 18:28:16 GMT+0100 (CET) : GET /apple-touch-icon-precomposed.png
Sun Feb 12 2017 18:28:16 GMT+0100 (CET) : GET /apple-touch-icon.png
Sun Feb 12 2017 18:28:16 GMT+0100 (CET) : GET /favicon.ico
Sun Feb 12 2017 18:28:16 GMT+0100 (CET) : GET /login
Sun Feb 12 2017 18:28:16 GMT+0100 (CET) : GET /apple-touch-icon-precomposed.png
Sun Feb 12 2017 18:28:16 GMT+0100 (CET) : GET /apple-touch-icon.png
Sun Feb 12 2017 18:28:16 GMT+0100 (CET) : GET /favicon.ico
Sun Feb 12 2017 18:28:16 GMT+0100 (CET) : GET /apple-touch-icon-precomposed.png
Sun Feb 12 2017 18:28:16 GMT+0100 (CET) : GET /apple-touch-icon.png
Sun Feb 12 2017 18:28:16 GMT+0100 (CET) : GET /favicon.ico
Sun Feb 12 2017 18:42:35 GMT+0100 (CET) : GET /
Sun Feb 12 2017 18:52:12 GMT+0100 (CET) : GET /
Sun Feb 12 2017 18:56:15 GMT+0100 (CET) : GET /
Sun Feb 12 2017 18:56:17 GMT+0100 (CET) : GET /
Sun Feb 12 2017 18:56:17 GMT+0100 (CET) : GET /
Sun Feb 12 2017 18:57:36 GMT+0100 (CET) : GET /
Sun Feb 12 2017 18:57:37 GMT+0100 (CET) : GET /
Sun Feb 12 2017 18:57:38 GMT+0100 (CET) : GET /
Sun Feb 12 2017 18:57:56 GMT+0100 (CET) : GET /
Sun Feb 12 2017 18:58:00 GMT+0100 (CET) : GET /
Sun Feb 12 2017 18:58:27 GMT+0100 (CET) : GET /
Sun Feb 12 2017 18:58:39 GMT+0100 (CET) : GET /
Mon Feb 13 2017 15:03:54 GMT+0100 (CET) : GET /
Mon Feb 13 2017 15:03:54 GMT+0100 (CET) : GET /favicon.ico
Mon Feb 13 2017 15:03:54 GMT+0100 (CET) : GET /favicon.ico
Mon Feb 13 2017 15:03:59 GMT+0100 (CET) : GET /projects
Mon Feb 13 2017 15:04:01 GMT+0100 (CET) : GET /about
Mon Feb 13 2017 15:04:02 GMT+0100 (CET) : GET /
Mon Feb 13 2017 15:04:02 GMT+0100 (CET) : GET /projects
